{"/app/src/App.tsx": {"path":"/app/src/App.tsx","statementMap":{"0":{"start":{"line":10,"column":22},"end":{"line":18,"column":1}},"1":{"start":{"line":11,"column":2},"end":{"line":17,"column":4}}},"fnMap":{"0":{"name":"(anonymous_0)","decl":{"start":{"line":10,"column":22},"end":{"line":10,"column":23}},"loc":{"start":{"line":10,"column":28},"end":{"line":18,"column":1}},"line":10}},"branchMap":{},"s":{"0":0,"1":0},"f":{"0":0},"b":{}}
,"/app/src/components/FileUpload/FileUpload.tsx": {"path":"/app/src/components/FileUpload/FileUpload.tsx","statementMap":{"0":{"start":{"line":21,"column":46},"end":{"line":153,"column":1}},"1":{"start":{"line":28,"column":40},"end":{"line":28,"column":55}},"2":{"start":{"line":29,"column":44},"end":{"line":29,"column":68}},"3":{"start":{"line":31,"column":17},"end":{"line":46,"column":42}},"4":{"start":{"line":32,"column":4},"end":{"line":45,"column":5}},"5":{"start":{"line":33,"column":6},"end":{"line":33,"column":27}},"6":{"start":{"line":34,"column":6},"end":{"line":44,"column":7}},"7":{"start":{"line":35,"column":25},"end":{"line":35,"column":69}},"8":{"start":{"line":36,"column":25},"end":{"line":36,"column":38}},"9":{"start":{"line":37,"column":8},"end":{"line":37,"column":54}},"10":{"start":{"line":37,"column":33},"end":{"line":37,"column":52}},"11":{"start":{"line":38,"column":8},"end":{"line":38,"column":35}},"12":{"start":{"line":40,"column":8},"end":{"line":40,"column":51}},"13":{"start":{"line":41,"column":8},"end":{"line":41,"column":83}},"14":{"start":{"line":43,"column":8},"end":{"line":43,"column":30}},"15":{"start":{"line":48,"column":21},"end":{"line":56,"column":15}},"16":{"start":{"line":49,"column":4},"end":{"line":55,"column":5}},"17":{"start":{"line":50,"column":6},"end":{"line":50,"column":42}},"18":{"start":{"line":51,"column":6},"end":{"line":51,"column":66}},"19":{"start":{"line":51,"column":31},"end":{"line":51,"column":64}},"20":{"start":{"line":51,"column":48},"end":{"line":51,"column":63}},"21":{"start":{"line":53,"column":6},"end":{"line":53,"column":51}},"22":{"start":{"line":54,"column":6},"end":{"line":54,"column":73}},"23":{"start":{"line":58,"column":70},"end":{"line":69,"column":4}},"24":{"start":{"line":71,"column":25},"end":{"line":77,"column":3}},"25":{"start":{"line":72,"column":4},"end":{"line":72,"column":38}},"26":{"start":{"line":72,"column":21},"end":{"line":72,"column":38}},"27":{"start":{"line":73,"column":14},"end":{"line":73,"column":18}},"28":{"start":{"line":74,"column":18},"end":{"line":74,"column":45}},"29":{"start":{"line":75,"column":14},"end":{"line":75,"column":55}},"30":{"start":{"line":76,"column":4},"end":{"line":76,"column":76}},"31":{"start":{"line":79,"column":26},"end":{"line":88,"column":3}},"32":{"start":{"line":90,"column":2},"end":{"line":152,"column":4}},"33":{"start":{"line":117,"column":12},"end":{"line":140,"column":18}},"34":{"start":{"line":135,"column":31},"end":{"line":135,"column":50}}},"fnMap":{"0":{"name":"(anonymous_0)","decl":{"start":{"line":21,"column":46},"end":{"line":21,"column":47}},"loc":{"start":{"line":27,"column":6},"end":{"line":153,"column":1}},"line":27},"1":{"name":"(anonymous_1)","decl":{"start":{"line":31,"column":29},"end":{"line":31,"column":30}},"loc":{"start":{"line":31,"column":62},"end":{"line":46,"column":3}},"line":31},"2":{"name":"(anonymous_2)","decl":{"start":{"line":37,"column":25},"end":{"line":37,"column":26}},"loc":{"start":{"line":37,"column":33},"end":{"line":37,"column":52}},"line":37},"3":{"name":"(anonymous_3)","decl":{"start":{"line":48,"column":33},"end":{"line":48,"column":34}},"loc":{"start":{"line":48,"column":59},"end":{"line":56,"column":3}},"line":48},"4":{"name":"(anonymous_4)","decl":{"start":{"line":51,"column":23},"end":{"line":51,"column":24}},"loc":{"start":{"line":51,"column":31},"end":{"line":51,"column":64}},"line":51},"5":{"name":"(anonymous_5)","decl":{"start":{"line":51,"column":43},"end":{"line":51,"column":44}},"loc":{"start":{"line":51,"column":48},"end":{"line":51,"column":63}},"line":51},"6":{"name":"(anonymous_6)","decl":{"start":{"line":71,"column":25},"end":{"line":71,"column":26}},"loc":{"start":{"line":71,"column":52},"end":{"line":77,"column":3}},"line":71},"7":{"name":"(anonymous_7)","decl":{"start":{"line":116,"column":29},"end":{"line":116,"column":30}},"loc":{"start":{"line":117,"column":12},"end":{"line":140,"column":18}},"line":117},"8":{"name":"(anonymous_8)","decl":{"start":{"line":135,"column":25},"end":{"line":135,"column":26}},"loc":{"start":{"line":135,"column":31},"end":{"line":135,"column":50}},"line":135}},"branchMap":{"0":{"loc":{"start":{"line":25,"column":2},"end":{"line":25,"column":32}},"type":"default-arg","locations":[{"start":{"line":25,"column":16},"end":{"line":25,"column":32}}],"line":25},"1":{"loc":{"start":{"line":26,"column":2},"end":{"line":26,"column":206}},"type":"default-arg","locations":[{"start":{"line":26,"column":17},"end":{"line":26,"column":206}}],"line":26},"2":{"loc":{"start":{"line":41,"column":18},"end":{"line":41,"column":81}},"type":"binary-expr","locations":[{"start":{"line":41,"column":18},"end":{"line":41,"column":46}},{"start":{"line":41,"column":50},"end":{"line":41,"column":81}}],"line":41},"3":{"loc":{"start":{"line":54,"column":16},"end":{"line":54,"column":71}},"type":"binary-expr","locations":[{"start":{"line":54,"column":16},"end":{"line":54,"column":44}},{"start":{"line":54,"column":48},"end":{"line":54,"column":71}}],"line":54},"4":{"loc":{"start":{"line":72,"column":4},"end":{"line":72,"column":38}},"type":"if","locations":[{"start":{"line":72,"column":4},"end":{"line":72,"column":38}},{"start":{},"end":{}}],"line":72},"5":{"loc":{"start":{"line":81,"column":6},"end":{"line":85,"column":57}},"type":"cond-expr","locations":[{"start":{"line":82,"column":8},"end":{"line":82,"column":42}},{"start":{"line":83,"column":8},"end":{"line":85,"column":57}}],"line":81},"6":{"loc":{"start":{"line":81,"column":6},"end":{"line":81,"column":35}},"type":"binary-expr","locations":[{"start":{"line":81,"column":6},"end":{"line":81,"column":18}},{"start":{"line":81,"column":22},"end":{"line":81,"column":35}}],"line":81},"7":{"loc":{"start":{"line":83,"column":8},"end":{"line":85,"column":57}},"type":"cond-expr","locations":[{"start":{"line":84,"column":8},"end":{"line":84,"column":38}},{"start":{"line":85,"column":8},"end":{"line":85,"column":57}}],"line":83},"8":{"loc":{"start":{"line":87,"column":6},"end":{"line":87,"column":56}},"type":"cond-expr","locations":[{"start":{"line":87,"column":20},"end":{"line":87,"column":51}},{"start":{"line":87,"column":54},"end":{"line":87,"column":56}}],"line":87},"9":{"loc":{"start":{"line":95,"column":9},"end":{"line":110,"column":9}},"type":"cond-expr","locations":[{"start":{"line":96,"column":10},"end":{"line":100,"column":11}},{"start":{"line":102,"column":10},"end":{"line":109,"column":13}}],"line":95},"10":{"loc":{"start":{"line":96,"column":10},"end":{"line":100,"column":11}},"type":"cond-expr","locations":[{"start":{"line":97,"column":12},"end":{"line":97,"column":69}},{"start":{"line":99,"column":12},"end":{"line":99,"column":66}}],"line":96},"11":{"loc":{"start":{"line":113,"column":7},"end":{"line":143,"column":7}},"type":"binary-expr","locations":[{"start":{"line":113,"column":7},"end":{"line":113,"column":31}},{"start":{"line":114,"column":8},"end":{"line":142,"column":14}}],"line":113},"12":{"loc":{"start":{"line":128,"column":51},"end":{"line":128,"column":97}},"type":"cond-expr","locations":[{"start":{"line":128,"column":68},"end":{"line":128,"column":79}},{"start":{"line":128,"column":82},"end":{"line":128,"column":97}}],"line":128},"13":{"loc":{"start":{"line":145,"column":7},"end":{"line":150,"column":7}},"type":"binary-expr","locations":[{"start":{"line":145,"column":7},"end":{"line":145,"column":18}},{"start":{"line":146,"column":8},"end":{"line":149,"column":14}}],"line":145}},"s":{"0":0,"1":0,"2":0,"3":0,"4":0,"5":0,"6":0,"7":0,"8":0,"9":0,"10":0,"11":0,"12":0,"13":0,"14":0,"15":0,"16":0,"17":0,"18":0,"19":0,"20":0,"21":0,"22":0,"23":0,"24":0,"25":0,"26":0,"27":0,"28":0,"29":0,"30":0,"31":0,"32":0,"33":0,"34":0},"f":{"0":0,"1":0,"2":0,"3":0,"4":0,"5":0,"6":0,"7":0,"8":0},"b":{"0":[0],"1":[0],"2":[0,0],"3":[0,0],"4":[0,0],"5":[0,0],"6":[0,0],"7":[0,0],"8":[0,0],"9":[0,0],"10":[0,0],"11":[0,0],"12":[0,0],"13":[0,0]}}
,"/app/src/components/MessageList/MessageItem.tsx": {"path":"/app/src/components/MessageList/MessageItem.tsx","statementMap":{"0":{"start":{"line":17,"column":48},"end":{"line":152,"column":1}},"1":{"start":{"line":18,"column":30},"end":{"line":18,"column":51}},"2":{"start":{"line":20,"column":17},"end":{"line":20,"column":40}},"3":{"start":{"line":21,"column":20},"end":{"line":24,"column":4}},"4":{"start":{"line":26,"column":26},"end":{"line":34,"column":3}},"5":{"start":{"line":27,"column":4},"end":{"line":33,"column":5}},"6":{"start":{"line":28,"column":6},"end":{"line":28,"column":59}},"7":{"start":{"line":29,"column":6},"end":{"line":29,"column":22}},"8":{"start":{"line":30,"column":6},"end":{"line":30,"column":47}},"9":{"start":{"line":30,"column":23},"end":{"line":30,"column":39}},"10":{"start":{"line":32,"column":6},"end":{"line":32,"column":54}},"11":{"start":{"line":37,"column":42},"end":{"line":46,"column":31}},"12":{"start":{"line":38,"column":4},"end":{"line":38,"column":73}},"13":{"start":{"line":38,"column":16},"end":{"line":38,"column":73}},"14":{"start":{"line":39,"column":18},"end":{"line":39,"column":67}},"15":{"start":{"line":40,"column":4},"end":{"line":44,"column":5}},"16":{"start":{"line":41,"column":21},"end":{"line":41,"column":36}},"17":{"start":{"line":42,"column":19},"end":{"line":42,"column":57}},"18":{"start":{"line":43,"column":6},"end":{"line":43,"column":37}},"19":{"start":{"line":45,"column":4},"end":{"line":45,"column":61}},"20":{"start":{"line":48,"column":2},"end":{"line":151,"column":4}},"21":{"start":{"line":89,"column":40},"end":{"line":89,"column":94}},"22":{"start":{"line":90,"column":40},"end":{"line":90,"column":94}},"23":{"start":{"line":91,"column":40},"end":{"line":91,"column":94}},"24":{"start":{"line":92,"column":39},"end":{"line":92,"column":83}},"25":{"start":{"line":94,"column":22},"end":{"line":96,"column":29}},"26":{"start":{"line":99,"column":22},"end":{"line":101,"column":28}},"27":{"start":{"line":103,"column":40},"end":{"line":103,"column":108}},"28":{"start":{"line":104,"column":40},"end":{"line":104,"column":111}},"29":{"start":{"line":105,"column":40},"end":{"line":105,"column":79}}},"fnMap":{"0":{"name":"(anonymous_0)","decl":{"start":{"line":17,"column":48},"end":{"line":17,"column":49}},"loc":{"start":{"line":17,"column":83},"end":{"line":152,"column":1}},"line":17},"1":{"name":"(anonymous_1)","decl":{"start":{"line":26,"column":26},"end":{"line":26,"column":27}},"loc":{"start":{"line":26,"column":38},"end":{"line":34,"column":3}},"line":26},"2":{"name":"(anonymous_2)","decl":{"start":{"line":30,"column":17},"end":{"line":30,"column":18}},"loc":{"start":{"line":30,"column":23},"end":{"line":30,"column":39}},"line":30},"3":{"name":"(anonymous_3)","decl":{"start":{"line":37,"column":56},"end":{"line":37,"column":57}},"loc":{"start":{"line":37,"column":62},"end":{"line":46,"column":3}},"line":37},"4":{"name":"(anonymous_4)","decl":{"start":{"line":89,"column":24},"end":{"line":89,"column":25}},"loc":{"start":{"line":89,"column":40},"end":{"line":89,"column":94}},"line":89},"5":{"name":"(anonymous_5)","decl":{"start":{"line":90,"column":24},"end":{"line":90,"column":25}},"loc":{"start":{"line":90,"column":40},"end":{"line":90,"column":94}},"line":90},"6":{"name":"(anonymous_6)","decl":{"start":{"line":91,"column":24},"end":{"line":91,"column":25}},"loc":{"start":{"line":91,"column":40},"end":{"line":91,"column":94}},"line":91},"7":{"name":"(anonymous_7)","decl":{"start":{"line":92,"column":23},"end":{"line":92,"column":24}},"loc":{"start":{"line":92,"column":39},"end":{"line":92,"column":83}},"line":92},"8":{"name":"(anonymous_8)","decl":{"start":{"line":93,"column":26},"end":{"line":93,"column":27}},"loc":{"start":{"line":94,"column":22},"end":{"line":96,"column":29}},"line":94},"9":{"name":"(anonymous_9)","decl":{"start":{"line":98,"column":25},"end":{"line":98,"column":26}},"loc":{"start":{"line":99,"column":22},"end":{"line":101,"column":28}},"line":99},"10":{"name":"(anonymous_10)","decl":{"start":{"line":103,"column":24},"end":{"line":103,"column":25}},"loc":{"start":{"line":103,"column":40},"end":{"line":103,"column":108}},"line":103},"11":{"name":"(anonymous_11)","decl":{"start":{"line":104,"column":24},"end":{"line":104,"column":25}},"loc":{"start":{"line":104,"column":40},"end":{"line":104,"column":111}},"line":104},"12":{"name":"(anonymous_12)","decl":{"start":{"line":105,"column":24},"end":{"line":105,"column":25}},"loc":{"start":{"line":105,"column":40},"end":{"line":105,"column":79}},"line":105}},"branchMap":{"0":{"loc":{"start":{"line":17,"column":60},"end":{"line":17,"column":76}},"type":"default-arg","locations":[{"start":{"line":17,"column":71},"end":{"line":17,"column":76}}],"line":17},"1":{"loc":{"start":{"line":38,"column":4},"end":{"line":38,"column":73}},"type":"if","locations":[{"start":{"line":38,"column":4},"end":{"line":38,"column":73}},{"start":{},"end":{}}],"line":38},"2":{"loc":{"start":{"line":40,"column":4},"end":{"line":44,"column":5}},"type":"if","locations":[{"start":{"line":40,"column":4},"end":{"line":44,"column":5}},{"start":{},"end":{}}],"line":40},"3":{"loc":{"start":{"line":49,"column":28},"end":{"line":49,"column":68}},"type":"cond-expr","locations":[{"start":{"line":49,"column":37},"end":{"line":49,"column":50}},{"start":{"line":49,"column":53},"end":{"line":49,"column":68}}],"line":49},"4":{"loc":{"start":{"line":50,"column":42},"end":{"line":50,"column":82}},"type":"cond-expr","locations":[{"start":{"line":50,"column":51},"end":{"line":50,"column":69}},{"start":{"line":50,"column":72},"end":{"line":50,"column":82}}],"line":50},"5":{"loc":{"start":{"line":53,"column":10},"end":{"line":53,"column":66}},"type":"cond-expr","locations":[{"start":{"line":53,"column":19},"end":{"line":53,"column":40}},{"start":{"line":53,"column":43},"end":{"line":53,"column":66}}],"line":53},"6":{"loc":{"start":{"line":55,"column":11},"end":{"line":59,"column":11}},"type":"cond-expr","locations":[{"start":{"line":56,"column":12},"end":{"line":56,"column":51}},{"start":{"line":58,"column":12},"end":{"line":58,"column":50}}],"line":55},"7":{"loc":{"start":{"line":64,"column":10},"end":{"line":66,"column":89}},"type":"cond-expr","locations":[{"start":{"line":65,"column":14},"end":{"line":65,"column":68}},{"start":{"line":66,"column":14},"end":{"line":66,"column":89}}],"line":64},"8":{"loc":{"start":{"line":70,"column":29},"end":{"line":70,"column":73}},"type":"cond-expr","locations":[{"start":{"line":70,"column":38},"end":{"line":70,"column":50}},{"start":{"line":70,"column":53},"end":{"line":70,"column":73}}],"line":70},"9":{"loc":{"start":{"line":71,"column":13},"end":{"line":111,"column":13}},"type":"cond-expr","locations":[{"start":{"line":72,"column":14},"end":{"line":72,"column":70}},{"start":{"line":74,"column":14},"end":{"line":110,"column":17}}],"line":71},"10":{"loc":{"start":{"line":75,"column":17},"end":{"line":84,"column":17}},"type":"binary-expr","locations":[{"start":{"line":75,"column":17},"end":{"line":75,"column":28}},{"start":{"line":76,"column":18},"end":{"line":83,"column":24}}],"line":75},"11":{"loc":{"start":{"line":116,"column":12},"end":{"line":116,"column":62}},"type":"cond-expr","locations":[{"start":{"line":116,"column":21},"end":{"line":116,"column":39}},{"start":{"line":116,"column":42},"end":{"line":116,"column":62}}],"line":116},"12":{"loc":{"start":{"line":127,"column":16},"end":{"line":129,"column":88}},"type":"cond-expr","locations":[{"start":{"line":128,"column":20},"end":{"line":128,"column":76}},{"start":{"line":129,"column":20},"end":{"line":129,"column":88}}],"line":127},"13":{"loc":{"start":{"line":132,"column":15},"end":{"line":136,"column":15}},"type":"cond-expr","locations":[{"start":{"line":133,"column":16},"end":{"line":133,"column":45}},{"start":{"line":135,"column":16},"end":{"line":135,"column":44}}],"line":132},"14":{"loc":{"start":{"line":141,"column":11},"end":{"line":147,"column":11}},"type":"binary-expr","locations":[{"start":{"line":141,"column":11},"end":{"line":141,"column":31}},{"start":{"line":141,"column":35},"end":{"line":141,"column":66}},{"start":{"line":142,"column":12},"end":{"line":146,"column":18}}],"line":141},"15":{"loc":{"start":{"line":143,"column":14},"end":{"line":143,"column":64}},"type":"cond-expr","locations":[{"start":{"line":143,"column":23},"end":{"line":143,"column":41}},{"start":{"line":143,"column":44},"end":{"line":143,"column":64}}],"line":143}},"s":{"0":2,"1":15,"2":15,"3":15,"4":15,"5":3,"6":3,"7":3,"8":3,"9":0,"10":0,"11":15,"12":12,"13":6,"14":6,"15":6,"16":3,"17":3,"18":3,"19":3,"20":15,"21":0,"22":0,"23":0,"24":0,"25":0,"26":0,"27":0,"28":0,"29":0},"f":{"0":15,"1":3,"2":0,"3":12,"4":0,"5":0,"6":0,"7":0,"8":0,"9":0,"10":0,"11":0,"12":0},"b":{"0":[15],"1":[6,6],"2":[3,3],"3":[8,7],"4":[8,7],"5":[8,7],"6":[8,7],"7":[8,7],"8":[8,7],"9":[8,7],"10":[7,4],"11":[8,7],"12":[8,7],"13":[3,12],"14":[15,3,3],"15":[0,3]},"_coverageSchema":"1a1c01bbd47fc00a2c39e90264f33305004495a9","hash":"2993169016af23a43df4015fcfcb65c9f56e701d"}
,"/app/src/components/MessageList/MessageList.tsx": {"path":"/app/src/components/MessageList/MessageList.tsx","statementMap":{"0":{"start":{"line":18,"column":48},"end":{"line":123,"column":1}},"1":{"start":{"line":24,"column":25},"end":{"line":24,"column":53}},"2":{"start":{"line":25,"column":23},"end":{"line":25,"column":51}},"3":{"start":{"line":28,"column":2},"end":{"line":35,"column":17}},"4":{"start":{"line":29,"column":4},"end":{"line":34,"column":5}},"5":{"start":{"line":30,"column":6},"end":{"line":33,"column":9}},"6":{"start":{"line":38,"column":37},"end":{"line":56,"column":3}},"7":{"start":{"line":39,"column":4},"end":{"line":55,"column":10}},"8":{"start":{"line":59,"column":31},"end":{"line":84,"column":3}},"9":{"start":{"line":60,"column":4},"end":{"line":83,"column":10}},"10":{"start":{"line":87,"column":50},"end":{"line":94,"column":3}},"11":{"start":{"line":88,"column":4},"end":{"line":93,"column":10}},"12":{"start":{"line":96,"column":2},"end":{"line":122,"column":4}},"13":{"start":{"line":110,"column":14},"end":{"line":114,"column":16}}},"fnMap":{"0":{"name":"(anonymous_0)","decl":{"start":{"line":18,"column":48},"end":{"line":18,"column":49}},"loc":{"start":{"line":23,"column":6},"end":{"line":123,"column":1}},"line":23},"1":{"name":"(anonymous_1)","decl":{"start":{"line":28,"column":12},"end":{"line":28,"column":13}},"loc":{"start":{"line":28,"column":18},"end":{"line":35,"column":3}},"line":28},"2":{"name":"(anonymous_2)","decl":{"start":{"line":38,"column":37},"end":{"line":38,"column":38}},"loc":{"start":{"line":39,"column":4},"end":{"line":55,"column":10}},"line":39},"3":{"name":"(anonymous_3)","decl":{"start":{"line":59,"column":31},"end":{"line":59,"column":32}},"loc":{"start":{"line":60,"column":4},"end":{"line":83,"column":10}},"line":60},"4":{"name":"(anonymous_4)","decl":{"start":{"line":87,"column":50},"end":{"line":87,"column":51}},"loc":{"start":{"line":88,"column":4},"end":{"line":93,"column":10}},"line":88},"5":{"name":"(anonymous_5)","decl":{"start":{"line":109,"column":26},"end":{"line":109,"column":27}},"loc":{"start":{"line":110,"column":14},"end":{"line":114,"column":16}},"line":110}},"branchMap":{"0":{"loc":{"start":{"line":20,"column":2},"end":{"line":20,"column":19}},"type":"default-arg","locations":[{"start":{"line":20,"column":14},"end":{"line":20,"column":19}}],"line":20},"1":{"loc":{"start":{"line":22,"column":2},"end":{"line":22,"column":16}},"type":"default-arg","locations":[{"start":{"line":22,"column":14},"end":{"line":22,"column":16}}],"line":22},"2":{"loc":{"start":{"line":29,"column":4},"end":{"line":34,"column":5}},"type":"if","locations":[{"start":{"line":29,"column":4},"end":{"line":34,"column":5}},{"start":{},"end":{}}],"line":29},"3":{"loc":{"start":{"line":103,"column":9},"end":{"line":118,"column":9}},"type":"cond-expr","locations":[{"start":{"line":104,"column":10},"end":{"line":104,"column":38}},{"start":{"line":105,"column":12},"end":{"line":118,"column":9}}],"line":103},"4":{"loc":{"start":{"line":105,"column":12},"end":{"line":118,"column":9}},"type":"cond-expr","locations":[{"start":{"line":106,"column":10},"end":{"line":106,"column":24}},{"start":{"line":108,"column":10},"end":{"line":117,"column":13}}],"line":105},"5":{"loc":{"start":{"line":105,"column":12},"end":{"line":105,"column":47}},"type":"binary-expr","locations":[{"start":{"line":105,"column":12},"end":{"line":105,"column":33}},{"start":{"line":105,"column":37},"end":{"line":105,"column":47}}],"line":105},"6":{"loc":{"start":{"line":116,"column":13},"end":{"line":116,"column":46}},"type":"binary-expr","locations":[{"start":{"line":116,"column":13},"end":{"line":116,"column":22}},{"start":{"line":116,"column":26},"end":{"line":116,"column":46}}],"line":116}},"s":{"0":0,"1":0,"2":0,"3":0,"4":0,"5":0,"6":0,"7":0,"8":0,"9":0,"10":0,"11":0,"12":0,"13":0},"f":{"0":0,"1":0,"2":0,"3":0,"4":0,"5":0},"b":{"0":[0],"1":[0],"2":[0,0],"3":[0,0],"4":[0,0],"5":[0,0],"6":[0,0]}}
,"/app/src/components/chat/Chat.tsx": {"path":"/app/src/components/chat/Chat.tsx","statementMap":{"0":{"start":{"line":21,"column":34},"end":{"line":265,"column":1}},"1":{"start":{"line":23,"column":22},"end":{"line":23,"column":52}},"2":{"start":{"line":23,"column":37},"end":{"line":23,"column":51}},"3":{"start":{"line":24,"column":34},"end":{"line":24,"column":57}},"4":{"start":{"line":25,"column":36},"end":{"line":25,"column":51}},"5":{"start":{"line":26,"column":28},"end":{"line":26,"column":57}},"6":{"start":{"line":27,"column":46},"end":{"line":27,"column":61}},"7":{"start":{"line":28,"column":44},"end":{"line":28,"column":68}},"8":{"start":{"line":29,"column":50},"end":{"line":29,"column":82}},"9":{"start":{"line":30,"column":36},"end":{"line":30,"column":60}},"10":{"start":{"line":35,"column":2},"end":{"line":38,"column":18}},"11":{"start":{"line":36,"column":4},"end":{"line":36,"column":22}},"12":{"start":{"line":37,"column":4},"end":{"line":37,"column":23}},"13":{"start":{"line":40,"column":26},"end":{"line":49,"column":17}},"14":{"start":{"line":41,"column":4},"end":{"line":48,"column":5}},"15":{"start":{"line":42,"column":6},"end":{"line":42,"column":21}},"16":{"start":{"line":43,"column":22},"end":{"line":43,"column":64}},"17":{"start":{"line":44,"column":6},"end":{"line":44,"column":36}},"18":{"start":{"line":46,"column":6},"end":{"line":46,"column":59}},"19":{"start":{"line":47,"column":6},"end":{"line":47,"column":37}},"20":{"start":{"line":51,"column":27},"end":{"line":59,"column":17}},"21":{"start":{"line":52,"column":4},"end":{"line":58,"column":5}},"22":{"start":{"line":53,"column":20},"end":{"line":53,"column":63}},"23":{"start":{"line":54,"column":6},"end":{"line":54,"column":30}},"24":{"start":{"line":56,"column":6},"end":{"line":56,"column":60}},"25":{"start":{"line":61,"column":33},"end":{"line":70,"column":8}},"26":{"start":{"line":62,"column":4},"end":{"line":68,"column":7}},"27":{"start":{"line":64,"column":6},"end":{"line":66,"column":7}},"28":{"start":{"line":64,"column":25},"end":{"line":64,"column":44}},"29":{"start":{"line":65,"column":8},"end":{"line":65,"column":20}},"30":{"start":{"line":67,"column":6},"end":{"line":67,"column":32}},"31":{"start":{"line":69,"column":4},"end":{"line":69,"column":24}},"32":{"start":{"line":72,"column":31},"end":{"line":75,"column":8}},"33":{"start":{"line":73,"column":4},"end":{"line":73,"column":20}},"34":{"start":{"line":74,"column":4},"end":{"line":74,"column":24}},"35":{"start":{"line":78,"column":61},"end":{"line":83,"column":4}},"36":{"start":{"line":85,"column":22},"end":{"line":130,"column":63}},"37":{"start":{"line":86,"column":4},"end":{"line":86,"column":45}},"38":{"start":{"line":86,"column":38},"end":{"line":86,"column":45}},"39":{"start":{"line":88,"column":4},"end":{"line":88,"column":23}},"40":{"start":{"line":89,"column":4},"end":{"line":89,"column":19}},"41":{"start":{"line":92,"column":33},"end":{"line":98,"column":5}},"42":{"start":{"line":101,"column":4},"end":{"line":101,"column":48}},"43":{"start":{"line":101,"column":24},"end":{"line":101,"column":46}},"44":{"start":{"line":103,"column":4},"end":{"line":129,"column":5}},"45":{"start":{"line":105,"column":6},"end":{"line":124,"column":7}},"46":{"start":{"line":106,"column":25},"end":{"line":110,"column":10}},"47":{"start":{"line":111,"column":8},"end":{"line":111,"column":57}},"48":{"start":{"line":111,"column":28},"end":{"line":111,"column":55}},"49":{"start":{"line":112,"column":8},"end":{"line":112,"column":28}},"50":{"start":{"line":113,"column":13},"end":{"line":124,"column":7}},"51":{"start":{"line":115,"column":8},"end":{"line":115,"column":38}},"52":{"start":{"line":118,"column":25},"end":{"line":121,"column":10}},"53":{"start":{"line":122,"column":8},"end":{"line":122,"column":57}},"54":{"start":{"line":122,"column":28},"end":{"line":122,"column":55}},"55":{"start":{"line":123,"column":8},"end":{"line":123,"column":28}},"56":{"start":{"line":126,"column":6},"end":{"line":126,"column":54}},"57":{"start":{"line":127,"column":6},"end":{"line":127,"column":66}},"58":{"start":{"line":128,"column":6},"end":{"line":128,"column":26}},"59":{"start":{"line":132,"column":29},"end":{"line":135,"column":8}},"60":{"start":{"line":133,"column":4},"end":{"line":133,"column":46}},"61":{"start":{"line":133,"column":29},"end":{"line":133,"column":44}},"62":{"start":{"line":134,"column":4},"end":{"line":134,"column":29}},"63":{"start":{"line":137,"column":32},"end":{"line":139,"column":8}},"64":{"start":{"line":138,"column":4},"end":{"line":138,"column":20}},"65":{"start":{"line":141,"column":27},"end":{"line":143,"column":8}},"66":{"start":{"line":142,"column":4},"end":{"line":142,"column":37}},"67":{"start":{"line":142,"column":30},"end":{"line":142,"column":35}},"68":{"start":{"line":145,"column":21},"end":{"line":147,"column":8}},"69":{"start":{"line":146,"column":4},"end":{"line":146,"column":19}},"70":{"start":{"line":149,"column":2},"end":{"line":264,"column":4}},"71":{"start":{"line":189,"column":29},"end":{"line":189,"column":56}},"72":{"start":{"line":189,"column":50},"end":{"line":189,"column":55}}},"fnMap":{"0":{"name":"(anonymous_0)","decl":{"start":{"line":21,"column":34},"end":{"line":21,"column":35}},"loc":{"start":{"line":21,"column":58},"end":{"line":265,"column":1}},"line":21},"1":{"name":"(anonymous_1)","decl":{"start":{"line":23,"column":31},"end":{"line":23,"column":32}},"loc":{"start":{"line":23,"column":37},"end":{"line":23,"column":51}},"line":23},"2":{"name":"(anonymous_2)","decl":{"start":{"line":35,"column":12},"end":{"line":35,"column":13}},"loc":{"start":{"line":35,"column":18},"end":{"line":38,"column":3}},"line":35},"3":{"name":"(anonymous_3)","decl":{"start":{"line":40,"column":38},"end":{"line":40,"column":39}},"loc":{"start":{"line":40,"column":50},"end":{"line":49,"column":3}},"line":40},"4":{"name":"(anonymous_4)","decl":{"start":{"line":51,"column":39},"end":{"line":51,"column":40}},"loc":{"start":{"line":51,"column":51},"end":{"line":59,"column":3}},"line":51},"5":{"name":"(anonymous_5)","decl":{"start":{"line":61,"column":45},"end":{"line":61,"column":46}},"loc":{"start":{"line":61,"column":67},"end":{"line":70,"column":3}},"line":61},"6":{"name":"(anonymous_6)","decl":{"start":{"line":62,"column":16},"end":{"line":62,"column":17}},"loc":{"start":{"line":62,"column":24},"end":{"line":68,"column":5}},"line":62},"7":{"name":"(anonymous_7)","decl":{"start":{"line":64,"column":20},"end":{"line":64,"column":21}},"loc":{"start":{"line":64,"column":25},"end":{"line":64,"column":44}},"line":64},"8":{"name":"(anonymous_8)","decl":{"start":{"line":72,"column":43},"end":{"line":72,"column":44}},"loc":{"start":{"line":72,"column":62},"end":{"line":75,"column":3}},"line":72},"9":{"name":"(anonymous_9)","decl":{"start":{"line":85,"column":34},"end":{"line":85,"column":35}},"loc":{"start":{"line":85,"column":61},"end":{"line":130,"column":3}},"line":85},"10":{"name":"(anonymous_10)","decl":{"start":{"line":101,"column":16},"end":{"line":101,"column":17}},"loc":{"start":{"line":101,"column":24},"end":{"line":101,"column":46}},"line":101},"11":{"name":"(anonymous_11)","decl":{"start":{"line":111,"column":20},"end":{"line":111,"column":21}},"loc":{"start":{"line":111,"column":28},"end":{"line":111,"column":55}},"line":111},"12":{"name":"(anonymous_12)","decl":{"start":{"line":122,"column":20},"end":{"line":122,"column":21}},"loc":{"start":{"line":122,"column":28},"end":{"line":122,"column":55}},"line":122},"13":{"name":"(anonymous_13)","decl":{"start":{"line":132,"column":41},"end":{"line":132,"column":42}},"loc":{"start":{"line":132,"column":61},"end":{"line":135,"column":3}},"line":132},"14":{"name":"(anonymous_14)","decl":{"start":{"line":133,"column":21},"end":{"line":133,"column":22}},"loc":{"start":{"line":133,"column":29},"end":{"line":133,"column":44}},"line":133},"15":{"name":"(anonymous_15)","decl":{"start":{"line":137,"column":44},"end":{"line":137,"column":45}},"loc":{"start":{"line":137,"column":63},"end":{"line":139,"column":3}},"line":137},"16":{"name":"(anonymous_16)","decl":{"start":{"line":141,"column":39},"end":{"line":141,"column":40}},"loc":{"start":{"line":141,"column":45},"end":{"line":143,"column":3}},"line":141},"17":{"name":"(anonymous_17)","decl":{"start":{"line":142,"column":22},"end":{"line":142,"column":23}},"loc":{"start":{"line":142,"column":30},"end":{"line":142,"column":35}},"line":142},"18":{"name":"(anonymous_18)","decl":{"start":{"line":145,"column":33},"end":{"line":145,"column":34}},"loc":{"start":{"line":145,"column":39},"end":{"line":147,"column":3}},"line":145},"19":{"name":"(anonymous_19)","decl":{"start":{"line":189,"column":23},"end":{"line":189,"column":24}},"loc":{"start":{"line":189,"column":29},"end":{"line":189,"column":56}},"line":189},"20":{"name":"(anonymous_20)","decl":{"start":{"line":189,"column":42},"end":{"line":189,"column":43}},"loc":{"start":{"line":189,"column":50},"end":{"line":189,"column":55}},"line":189},"21":{"name":"(anonymous_21)","decl":{"start":{"line":198,"column":21},"end":{"line":198,"column":22}},"loc":{"start":{"line":198,"column":27},"end":{"line":198,"column":55}},"line":198}},"branchMap":{"0":{"loc":{"start":{"line":21,"column":37},"end":{"line":21,"column":51}},"type":"default-arg","locations":[{"start":{"line":21,"column":49},"end":{"line":21,"column":51}}],"line":21},"1":{"loc":{"start":{"line":64,"column":6},"end":{"line":66,"column":7}},"type":"if","locations":[{"start":{"line":64,"column":6},"end":{"line":66,"column":7}},{"start":{},"end":{}}],"line":64},"2":{"loc":{"start":{"line":86,"column":4},"end":{"line":86,"column":45}},"type":"if","locations":[{"start":{"line":86,"column":4},"end":{"line":86,"column":45}},{"start":{},"end":{}}],"line":86},"3":{"loc":{"start":{"line":86,"column":8},"end":{"line":86,"column":36}},"type":"binary-expr","locations":[{"start":{"line":86,"column":8},"end":{"line":86,"column":23}},{"start":{"line":86,"column":27},"end":{"line":86,"column":36}}],"line":86},"4":{"loc":{"start":{"line":105,"column":6},"end":{"line":124,"column":7}},"type":"if","locations":[{"start":{"line":105,"column":6},"end":{"line":124,"column":7}},{"start":{"line":113,"column":13},"end":{"line":124,"column":7}}],"line":105},"5":{"loc":{"start":{"line":113,"column":13},"end":{"line":124,"column":7}},"type":"if","locations":[{"start":{"line":113,"column":13},"end":{"line":124,"column":7}},{"start":{"line":116,"column":13},"end":{"line":124,"column":7}}],"line":113},"6":{"loc":{"start":{"line":127,"column":15},"end":{"line":127,"column":64}},"type":"binary-expr","locations":[{"start":{"line":127,"column":15},"end":{"line":127,"column":43}},{"start":{"line":127,"column":47},"end":{"line":127,"column":64}}],"line":127},"7":{"loc":{"start":{"line":162,"column":15},"end":{"line":172,"column":15}},"type":"cond-expr","locations":[{"start":{"line":163,"column":16},"end":{"line":166,"column":19}},{"start":{"line":168,"column":16},"end":{"line":171,"column":19}}],"line":162},"8":{"loc":{"start":{"line":178,"column":11},"end":{"line":183,"column":11}},"type":"binary-expr","locations":[{"start":{"line":178,"column":11},"end":{"line":178,"column":35}},{"start":{"line":179,"column":12},"end":{"line":182,"column":18}}],"line":178},"9":{"loc":{"start":{"line":188,"column":56},"end":{"line":188,"column":167}},"type":"cond-expr","locations":[{"start":{"line":188,"column":68},"end":{"line":188,"column":114}},{"start":{"line":188,"column":117},"end":{"line":188,"column":167}}],"line":188},"10":{"loc":{"start":{"line":192,"column":15},"end":{"line":192,"column":39}},"type":"cond-expr","locations":[{"start":{"line":192,"column":27},"end":{"line":192,"column":31}},{"start":{"line":192,"column":34},"end":{"line":192,"column":39}}],"line":192},"11":{"loc":{"start":{"line":208,"column":7},"end":{"line":222,"column":7}},"type":"binary-expr","locations":[{"start":{"line":208,"column":7},"end":{"line":208,"column":12}},{"start":{"line":209,"column":8},"end":{"line":221,"column":14}}],"line":208},"12":{"loc":{"start":{"line":225,"column":7},"end":{"line":244,"column":7}},"type":"binary-expr","locations":[{"start":{"line":225,"column":7},"end":{"line":225,"column":21}},{"start":{"line":226,"column":8},"end":{"line":243,"column":14}}],"line":225}},"s":{"0":0,"1":0,"2":0,"3":0,"4":0,"5":0,"6":0,"7":0,"8":0,"9":0,"10":0,"11":0,"12":0,"13":0,"14":0,"15":0,"16":0,"17":0,"18":0,"19":0,"20":0,"21":0,"22":0,"23":0,"24":0,"25":0,"26":0,"27":0,"28":0,"29":0,"30":0,"31":0,"32":0,"33":0,"34":0,"35":0,"36":0,"37":0,"38":0,"39":0,"40":0,"41":0,"42":0,"43":0,"44":0,"45":0,"46":0,"47":0,"48":0,"49":0,"50":0,"51":0,"52":0,"53":0,"54":0,"55":0,"56":0,"57":0,"58":0,"59":0,"60":0,"61":0,"62":0,"63":0,"64":0,"65":0,"66":0,"67":0,"68":0,"69":0,"70":0,"71":0,"72":0},"f":{"0":0,"1":0,"2":0,"3":0,"4":0,"5":0,"6":0,"7":0,"8":0,"9":0,"10":0,"11":0,"12":0,"13":0,"14":0,"15":0,"16":0,"17":0,"18":0,"19":0,"20":0,"21":0},"b":{"0":[0],"1":[0,0],"2":[0,0],"3":[0,0],"4":[0,0],"5":[0,0],"6":[0,0],"7":[0,0],"8":[0,0],"9":[0,0],"10":[0,0],"11":[0,0],"12":[0,0]}}
,"/app/src/components/chat/ChatInput.tsx": {"path":"/app/src/components/chat/ChatInput.tsx","statementMap":{"0":{"start":{"line":18,"column":44},"end":{"line":135,"column":1}},"1":{"start":{"line":25,"column":32},"end":{"line":25,"column":44}},"2":{"start":{"line":26,"column":22},"end":{"line":26,"column":55}},"3":{"start":{"line":28,"column":23},"end":{"line":38,"column":51}},"4":{"start":{"line":29,"column":27},"end":{"line":29,"column":41}},"5":{"start":{"line":30,"column":4},"end":{"line":37,"column":5}},"6":{"start":{"line":31,"column":6},"end":{"line":31,"column":36}},"7":{"start":{"line":32,"column":6},"end":{"line":32,"column":21}},"8":{"start":{"line":34,"column":6},"end":{"line":36,"column":7}},"9":{"start":{"line":35,"column":8},"end":{"line":35,"column":50}},"10":{"start":{"line":40,"column":25},"end":{"line":45,"column":20}},"11":{"start":{"line":41,"column":4},"end":{"line":44,"column":5}},"12":{"start":{"line":42,"column":6},"end":{"line":42,"column":25}},"13":{"start":{"line":43,"column":6},"end":{"line":43,"column":21}},"14":{"start":{"line":47,"column":31},"end":{"line":59,"column":8}},"15":{"start":{"line":48,"column":18},"end":{"line":48,"column":32}},"16":{"start":{"line":49,"column":4},"end":{"line":49,"column":22}},"17":{"start":{"line":52,"column":4},"end":{"line":58,"column":5}},"18":{"start":{"line":53,"column":6},"end":{"line":53,"column":48}},"19":{"start":{"line":54,"column":27},"end":{"line":54,"column":59}},"20":{"start":{"line":56,"column":24},"end":{"line":56,"column":27}},"21":{"start":{"line":57,"column":6},"end":{"line":57,"column":82}},"22":{"start":{"line":61,"column":18},"end":{"line":61,"column":70}},"23":{"start":{"line":63,"column":2},"end":{"line":134,"column":4}}},"fnMap":{"0":{"name":"(anonymous_0)","decl":{"start":{"line":18,"column":44},"end":{"line":18,"column":45}},"loc":{"start":{"line":24,"column":6},"end":{"line":135,"column":1}},"line":24},"1":{"name":"(anonymous_1)","decl":{"start":{"line":28,"column":35},"end":{"line":28,"column":36}},"loc":{"start":{"line":28,"column":41},"end":{"line":38,"column":3}},"line":28},"2":{"name":"(anonymous_2)","decl":{"start":{"line":40,"column":37},"end":{"line":40,"column":38}},"loc":{"start":{"line":40,"column":65},"end":{"line":45,"column":3}},"line":40},"3":{"name":"(anonymous_3)","decl":{"start":{"line":47,"column":43},"end":{"line":47,"column":44}},"loc":{"start":{"line":47,"column":90},"end":{"line":59,"column":3}},"line":47}},"branchMap":{"0":{"loc":{"start":{"line":21,"column":2},"end":{"line":21,"column":19}},"type":"default-arg","locations":[{"start":{"line":21,"column":14},"end":{"line":21,"column":19}}],"line":21},"1":{"loc":{"start":{"line":22,"column":2},"end":{"line":22,"column":18}},"type":"default-arg","locations":[{"start":{"line":22,"column":13},"end":{"line":22,"column":18}}],"line":22},"2":{"loc":{"start":{"line":23,"column":2},"end":{"line":23,"column":35}},"type":"default-arg","locations":[{"start":{"line":23,"column":16},"end":{"line":23,"column":35}}],"line":23},"3":{"loc":{"start":{"line":30,"column":4},"end":{"line":37,"column":5}},"type":"if","locations":[{"start":{"line":30,"column":4},"end":{"line":37,"column":5}},{"start":{},"end":{}}],"line":30},"4":{"loc":{"start":{"line":30,"column":8},"end":{"line":30,"column":49}},"type":"binary-expr","locations":[{"start":{"line":30,"column":8},"end":{"line":30,"column":22}},{"start":{"line":30,"column":26},"end":{"line":30,"column":36}},{"start":{"line":30,"column":40},"end":{"line":30,"column":49}}],"line":30},"5":{"loc":{"start":{"line":34,"column":6},"end":{"line":36,"column":7}},"type":"if","locations":[{"start":{"line":34,"column":6},"end":{"line":36,"column":7}},{"start":{},"end":{}}],"line":34},"6":{"loc":{"start":{"line":41,"column":4},"end":{"line":44,"column":5}},"type":"if","locations":[{"start":{"line":41,"column":4},"end":{"line":44,"column":5}},{"start":{},"end":{}}],"line":41},"7":{"loc":{"start":{"line":41,"column":8},"end":{"line":41,"column":40}},"type":"binary-expr","locations":[{"start":{"line":41,"column":8},"end":{"line":41,"column":25}},{"start":{"line":41,"column":29},"end":{"line":41,"column":40}}],"line":41},"8":{"loc":{"start":{"line":52,"column":4},"end":{"line":58,"column":5}},"type":"if","locations":[{"start":{"line":52,"column":4},"end":{"line":58,"column":5}},{"start":{},"end":{}}],"line":52},"9":{"loc":{"start":{"line":61,"column":18},"end":{"line":61,"column":70}},"type":"binary-expr","locations":[{"start":{"line":61,"column":18},"end":{"line":61,"column":43}},{"start":{"line":61,"column":47},"end":{"line":61,"column":57}},{"start":{"line":61,"column":61},"end":{"line":61,"column":70}}],"line":61},"10":{"loc":{"start":{"line":67,"column":9},"end":{"line":78,"column":9}},"type":"binary-expr","locations":[{"start":{"line":67,"column":9},"end":{"line":67,"column":27}},{"start":{"line":68,"column":10},"end":{"line":77,"column":19}}],"line":67},"11":{"loc":{"start":{"line":72,"column":22},"end":{"line":72,"column":43}},"type":"binary-expr","locations":[{"start":{"line":72,"column":22},"end":{"line":72,"column":30}},{"start":{"line":72,"column":34},"end":{"line":72,"column":43}}],"line":72},"12":{"loc":{"start":{"line":88,"column":22},"end":{"line":88,"column":43}},"type":"binary-expr","locations":[{"start":{"line":88,"column":22},"end":{"line":88,"column":30}},{"start":{"line":88,"column":34},"end":{"line":88,"column":43}}],"line":88},"13":{"loc":{"start":{"line":101,"column":11},"end":{"line":105,"column":11}},"type":"binary-expr","locations":[{"start":{"line":101,"column":11},"end":{"line":101,"column":31}},{"start":{"line":102,"column":12},"end":{"line":104,"column":18}}],"line":101},"14":{"loc":{"start":{"line":118,"column":11},"end":{"line":122,"column":11}},"type":"cond-expr","locations":[{"start":{"line":119,"column":12},"end":{"line":119,"column":56}},{"start":{"line":121,"column":12},"end":{"line":121,"column":40}}],"line":118},"15":{"loc":{"start":{"line":129,"column":9},"end":{"line":131,"column":9}},"type":"binary-expr","locations":[{"start":{"line":129,"column":9},"end":{"line":129,"column":27}},{"start":{"line":130,"column":10},"end":{"line":130,"column":46}}],"line":129}},"s":{"0":0,"1":0,"2":0,"3":0,"4":0,"5":0,"6":0,"7":0,"8":0,"9":0,"10":0,"11":0,"12":0,"13":0,"14":0,"15":0,"16":0,"17":0,"18":0,"19":0,"20":0,"21":0,"22":0,"23":0},"f":{"0":0,"1":0,"2":0,"3":0},"b":{"0":[0],"1":[0],"2":[0],"3":[0,0],"4":[0,0,0],"5":[0,0],"6":[0,0],"7":[0,0],"8":[0,0],"9":[0,0,0],"10":[0,0],"11":[0,0],"12":[0,0],"13":[0,0],"14":[0,0],"15":[0,0]}}
,"/app/src/components/ui/Button.tsx": {"path":"/app/src/components/ui/Button.tsx","statementMap":{"0":{"start":{"line":18,"column":38},"end":{"line":80,"column":1}},"1":{"start":{"line":27,"column":22},"end":{"line":27,"column":204}},"2":{"start":{"line":29,"column":25},"end":{"line":35,"column":3}},"3":{"start":{"line":37,"column":22},"end":{"line":41,"column":3}},"4":{"start":{"line":43,"column":18},"end":{"line":43,"column":95}},"5":{"start":{"line":45,"column":2},"end":{"line":79,"column":4}}},"fnMap":{"0":{"name":"(anonymous_0)","decl":{"start":{"line":18,"column":38},"end":{"line":18,"column":39}},"loc":{"start":{"line":26,"column":6},"end":{"line":80,"column":1}},"line":26}},"branchMap":{"0":{"loc":{"start":{"line":19,"column":2},"end":{"line":19,"column":21}},"type":"default-arg","locations":[{"start":{"line":19,"column":12},"end":{"line":19,"column":21}}],"line":19},"1":{"loc":{"start":{"line":20,"column":2},"end":{"line":20,"column":13}},"type":"default-arg","locations":[{"start":{"line":20,"column":9},"end":{"line":20,"column":13}}],"line":20},"2":{"loc":{"start":{"line":21,"column":2},"end":{"line":21,"column":19}},"type":"default-arg","locations":[{"start":{"line":21,"column":14},"end":{"line":21,"column":19}}],"line":21},"3":{"loc":{"start":{"line":24,"column":2},"end":{"line":24,"column":16}},"type":"default-arg","locations":[{"start":{"line":24,"column":14},"end":{"line":24,"column":16}}],"line":24},"4":{"loc":{"start":{"line":48,"column":16},"end":{"line":48,"column":37}},"type":"binary-expr","locations":[{"start":{"line":48,"column":16},"end":{"line":48,"column":24}},{"start":{"line":48,"column":28},"end":{"line":48,"column":37}}],"line":48},"5":{"loc":{"start":{"line":51,"column":7},"end":{"line":77,"column":7}},"type":"cond-expr","locations":[{"start":{"line":52,"column":8},"end":{"line":74,"column":11}},{"start":{"line":76,"column":8},"end":{"line":76,"column":16}}],"line":51}},"s":{"0":3,"1":26,"2":26,"3":26,"4":26,"5":26},"f":{"0":26},"b":{"0":[8],"1":[9],"2":[25],"3":[10],"4":[26,24],"5":[1,25]},"_coverageSchema":"1a1c01bbd47fc00a2c39e90264f33305004495a9","hash":"7815e074341cd70109f57705650534ae558ea8dc"}
,"/app/src/components/ui/Input.tsx": {"path":"/app/src/components/ui/Input.tsx","statementMap":{"0":{"start":{"line":14,"column":36},"end":{"line":48,"column":1}},"1":{"start":{"line":21,"column":23},"end":{"line":30,"column":3}},"2":{"start":{"line":32,"column":2},"end":{"line":47,"column":4}}},"fnMap":{"0":{"name":"(anonymous_0)","decl":{"start":{"line":14,"column":36},"end":{"line":14,"column":37}},"loc":{"start":{"line":20,"column":6},"end":{"line":48,"column":1}},"line":20}},"branchMap":{"0":{"loc":{"start":{"line":18,"column":2},"end":{"line":18,"column":16}},"type":"default-arg","locations":[{"start":{"line":18,"column":14},"end":{"line":18,"column":16}}],"line":18},"1":{"loc":{"start":{"line":25,"column":6},"end":{"line":27,"column":78}},"type":"cond-expr","locations":[{"start":{"line":26,"column":8},"end":{"line":26,"column":70}},{"start":{"line":27,"column":8},"end":{"line":27,"column":78}}],"line":25},"2":{"loc":{"start":{"line":34,"column":7},"end":{"line":38,"column":7}},"type":"binary-expr","locations":[{"start":{"line":34,"column":7},"end":{"line":34,"column":12}},{"start":{"line":35,"column":8},"end":{"line":37,"column":16}}],"line":34},"3":{"loc":{"start":{"line":40,"column":7},"end":{"line":42,"column":7}},"type":"binary-expr","locations":[{"start":{"line":40,"column":7},"end":{"line":40,"column":12}},{"start":{"line":41,"column":8},"end":{"line":41,"column":57}}],"line":40},"4":{"loc":{"start":{"line":43,"column":7},"end":{"line":45,"column":7}},"type":"binary-expr","locations":[{"start":{"line":43,"column":7},"end":{"line":43,"column":17}},{"start":{"line":43,"column":21},"end":{"line":43,"column":27}},{"start":{"line":44,"column":8},"end":{"line":44,"column":66}}],"line":43}},"s":{"0":0,"1":0,"2":0},"f":{"0":0},"b":{"0":[0],"1":[0,0],"2":[0,0],"3":[0,0],"4":[0,0,0]}}
,"/app/src/hooks/useWebSocket.ts": {"path":"/app/src/hooks/useWebSocket.ts","statementMap":{"0":{"start":{"line":24,"column":28},"end":{"line":185,"column":1}},"1":{"start":{"line":30,"column":40},"end":{"line":30,"column":64}},"2":{"start":{"line":31,"column":20},"end":{"line":31,"column":50}},"3":{"start":{"line":33,"column":22},"end":{"line":42,"column":3}},"4":{"start":{"line":35,"column":6},"end":{"line":39,"column":7}},"5":{"start":{"line":36,"column":8},"end":{"line":36,"column":40}},"6":{"start":{"line":38,"column":8},"end":{"line":38,"column":45}},"7":{"start":{"line":44,"column":21},"end":{"line":54,"column":8}},"8":{"start":{"line":45,"column":4},"end":{"line":53,"column":5}},"9":{"start":{"line":47,"column":29},"end":{"line":47,"column":53}},"10":{"start":{"line":48,"column":6},"end":{"line":50,"column":7}},"11":{"start":{"line":49,"column":8},"end":{"line":49,"column":26}},"12":{"start":{"line":51,"column":6},"end":{"line":51,"column":31}},"13":{"start":{"line":52,"column":6},"end":{"line":52,"column":28}},"14":{"start":{"line":56,"column":2},"end":{"line":177,"column":54}},"15":{"start":{"line":57,"column":20},"end":{"line":57,"column":24}},"16":{"start":{"line":60,"column":29},"end":{"line":157,"column":5}},"17":{"start":{"line":61,"column":6},"end":{"line":61,"column":29}},"18":{"start":{"line":61,"column":22},"end":{"line":61,"column":29}},"19":{"start":{"line":63,"column":22},"end":{"line":63,"column":110}},"20":{"start":{"line":64,"column":25},"end":{"line":64,"column":67}},"21":{"start":{"line":65,"column":20},"end":{"line":65,"column":58}},"22":{"start":{"line":66,"column":24},"end":{"line":66,"column":62}},"23":{"start":{"line":68,"column":6},"end":{"line":68,"column":66}},"24":{"start":{"line":70,"column":21},"end":{"line":70,"column":45}},"25":{"start":{"line":71,"column":6},"end":{"line":71,"column":33}},"26":{"start":{"line":74,"column":6},"end":{"line":79,"column":8}},"27":{"start":{"line":75,"column":8},"end":{"line":75,"column":31}},"28":{"start":{"line":75,"column":24},"end":{"line":75,"column":31}},"29":{"start":{"line":76,"column":8},"end":{"line":76,"column":58}},"30":{"start":{"line":77,"column":8},"end":{"line":77,"column":29}},"31":{"start":{"line":78,"column":8},"end":{"line":78,"column":38}},"32":{"start":{"line":81,"column":6},"end":{"line":92,"column":8}},"33":{"start":{"line":82,"column":8},"end":{"line":82,"column":31}},"34":{"start":{"line":82,"column":24},"end":{"line":82,"column":31}},"35":{"start":{"line":83,"column":8},"end":{"line":83,"column":73}},"36":{"start":{"line":84,"column":8},"end":{"line":84,"column":30}},"37":{"start":{"line":85,"column":8},"end":{"line":85,"column":41}},"38":{"start":{"line":88,"column":8},"end":{"line":91,"column":9}},"39":{"start":{"line":89,"column":10},"end":{"line":89,"column":75}},"40":{"start":{"line":90,"column":10},"end":{"line":90,"column":64}},"41":{"start":{"line":94,"column":6},"end":{"line":99,"column":8}},"42":{"start":{"line":95,"column":8},"end":{"line":95,"column":31}},"43":{"start":{"line":95,"column":24},"end":{"line":95,"column":31}},"44":{"start":{"line":96,"column":8},"end":{"line":96,"column":49}},"45":{"start":{"line":97,"column":8},"end":{"line":97,"column":30}},"46":{"start":{"line":98,"column":8},"end":{"line":98,"column":48}},"47":{"start":{"line":101,"column":6},"end":{"line":156,"column":8}},"48":{"start":{"line":102,"column":8},"end":{"line":102,"column":31}},"49":{"start":{"line":102,"column":24},"end":{"line":102,"column":31}},"50":{"start":{"line":103,"column":8},"end":{"line":155,"column":9}},"51":{"start":{"line":104,"column":22},"end":{"line":104,"column":32}},"52":{"start":{"line":105,"column":10},"end":{"line":105,"column":58}},"53":{"start":{"line":108,"column":48},"end":{"line":108,"column":52}},"54":{"start":{"line":109,"column":10},"end":{"line":113,"column":11}},"55":{"start":{"line":110,"column":12},"end":{"line":110,"column":37}},"56":{"start":{"line":112,"column":12},"end":{"line":112,"column":26}},"57":{"start":{"line":115,"column":10},"end":{"line":137,"column":11}},"58":{"start":{"line":116,"column":12},"end":{"line":119,"column":13}},"59":{"start":{"line":117,"column":14},"end":{"line":117,"column":44}},"60":{"start":{"line":118,"column":14},"end":{"line":118,"column":21}},"61":{"start":{"line":120,"column":12},"end":{"line":123,"column":13}},"62":{"start":{"line":121,"column":14},"end":{"line":121,"column":37}},"63":{"start":{"line":122,"column":14},"end":{"line":122,"column":21}},"64":{"start":{"line":124,"column":12},"end":{"line":136,"column":13}},"65":{"start":{"line":125,"column":30},"end":{"line":125,"column":52}},"66":{"start":{"line":126,"column":39},"end":{"line":133,"column":15}},"67":{"start":{"line":134,"column":14},"end":{"line":134,"column":35}},"68":{"start":{"line":135,"column":14},"end":{"line":135,"column":21}},"69":{"start":{"line":140,"column":10},"end":{"line":142,"column":11}},"70":{"start":{"line":141,"column":12},"end":{"line":141,"column":19}},"71":{"start":{"line":144,"column":35},"end":{"line":150,"column":11}},"72":{"start":{"line":151,"column":10},"end":{"line":151,"column":31}},"73":{"start":{"line":153,"column":10},"end":{"line":153,"column":70}},"74":{"start":{"line":154,"column":10},"end":{"line":154,"column":48}},"75":{"start":{"line":160,"column":4},"end":{"line":160,"column":23}},"76":{"start":{"line":163,"column":4},"end":{"line":176,"column":6}},"77":{"start":{"line":164,"column":6},"end":{"line":164,"column":54}},"78":{"start":{"line":165,"column":6},"end":{"line":165,"column":24}},"79":{"start":{"line":166,"column":6},"end":{"line":168,"column":7}},"80":{"start":{"line":167,"column":8},"end":{"line":167,"column":39}},"81":{"start":{"line":169,"column":6},"end":{"line":175,"column":7}},"82":{"start":{"line":170,"column":31},"end":{"line":170,"column":55}},"83":{"start":{"line":171,"column":8},"end":{"line":173,"column":9}},"84":{"start":{"line":172,"column":10},"end":{"line":172,"column":56}},"85":{"start":{"line":174,"column":8},"end":{"line":174,"column":33}},"86":{"start":{"line":179,"column":2},"end":{"line":184,"column":4}}},"fnMap":{"0":{"name":"(anonymous_0)","decl":{"start":{"line":24,"column":28},"end":{"line":24,"column":29}},"loc":{"start":{"line":29,"column":45},"end":{"line":185,"column":1}},"line":29},"1":{"name":"(anonymous_1)","decl":{"start":{"line":34,"column":4},"end":{"line":34,"column":5}},"loc":{"start":{"line":34,"column":25},"end":{"line":40,"column":5}},"line":34},"2":{"name":"(anonymous_2)","decl":{"start":{"line":44,"column":33},"end":{"line":44,"column":34}},"loc":{"start":{"line":44,"column":39},"end":{"line":54,"column":3}},"line":44},"3":{"name":"(anonymous_3)","decl":{"start":{"line":56,"column":12},"end":{"line":56,"column":13}},"loc":{"start":{"line":56,"column":18},"end":{"line":177,"column":3}},"line":56},"4":{"name":"(anonymous_4)","decl":{"start":{"line":60,"column":29},"end":{"line":60,"column":30}},"loc":{"start":{"line":60,"column":35},"end":{"line":157,"column":5}},"line":60},"5":{"name":"(anonymous_5)","decl":{"start":{"line":74,"column":22},"end":{"line":74,"column":23}},"loc":{"start":{"line":74,"column":28},"end":{"line":79,"column":7}},"line":74},"6":{"name":"(anonymous_6)","decl":{"start":{"line":81,"column":23},"end":{"line":81,"column":24}},"loc":{"start":{"line":81,"column":34},"end":{"line":92,"column":7}},"line":81},"7":{"name":"(anonymous_7)","decl":{"start":{"line":94,"column":23},"end":{"line":94,"column":24}},"loc":{"start":{"line":94,"column":34},"end":{"line":99,"column":7}},"line":94},"8":{"name":"(anonymous_8)","decl":{"start":{"line":101,"column":25},"end":{"line":101,"column":26}},"loc":{"start":{"line":101,"column":36},"end":{"line":156,"column":7}},"line":101},"9":{"name":"(anonymous_9)","decl":{"start":{"line":163,"column":11},"end":{"line":163,"column":12}},"loc":{"start":{"line":163,"column":17},"end":{"line":176,"column":5}},"line":163}},"branchMap":{"0":{"loc":{"start":{"line":35,"column":6},"end":{"line":39,"column":7}},"type":"if","locations":[{"start":{"line":35,"column":6},"end":{"line":39,"column":7}},{"start":{"line":37,"column":13},"end":{"line":39,"column":7}}],"line":35},"1":{"loc":{"start":{"line":35,"column":10},"end":{"line":35,"column":42}},"type":"binary-expr","locations":[{"start":{"line":35,"column":10},"end":{"line":35,"column":27}},{"start":{"line":35,"column":31},"end":{"line":35,"column":42}}],"line":35},"2":{"loc":{"start":{"line":45,"column":4},"end":{"line":53,"column":5}},"type":"if","locations":[{"start":{"line":45,"column":4},"end":{"line":53,"column":5}},{"start":{},"end":{}}],"line":45},"3":{"loc":{"start":{"line":48,"column":6},"end":{"line":50,"column":7}},"type":"if","locations":[{"start":{"line":48,"column":6},"end":{"line":50,"column":7}},{"start":{},"end":{}}],"line":48},"4":{"loc":{"start":{"line":61,"column":6},"end":{"line":61,"column":29}},"type":"if","locations":[{"start":{"line":61,"column":6},"end":{"line":61,"column":29}},{"start":{},"end":{}}],"line":61},"5":{"loc":{"start":{"line":63,"column":22},"end":{"line":63,"column":110}},"type":"binary-expr","locations":[{"start":{"line":63,"column":22},"end":{"line":63,"column":50}},{"start":{"line":63,"column":54},"end":{"line":63,"column":83}},{"start":{"line":63,"column":87},"end":{"line":63,"column":110}}],"line":63},"6":{"loc":{"start":{"line":64,"column":25},"end":{"line":64,"column":67}},"type":"cond-expr","locations":[{"start":{"line":64,"column":55},"end":{"line":64,"column":60}},{"start":{"line":64,"column":63},"end":{"line":64,"column":67}}],"line":64},"7":{"loc":{"start":{"line":75,"column":8},"end":{"line":75,"column":31}},"type":"if","locations":[{"start":{"line":75,"column":8},"end":{"line":75,"column":31}},{"start":{},"end":{}}],"line":75},"8":{"loc":{"start":{"line":82,"column":8},"end":{"line":82,"column":31}},"type":"if","locations":[{"start":{"line":82,"column":8},"end":{"line":82,"column":31}},{"start":{},"end":{}}],"line":82},"9":{"loc":{"start":{"line":88,"column":8},"end":{"line":91,"column":9}},"type":"if","locations":[{"start":{"line":88,"column":8},"end":{"line":91,"column":9}},{"start":{},"end":{}}],"line":88},"10":{"loc":{"start":{"line":88,"column":12},"end":{"line":88,"column":67}},"type":"binary-expr","locations":[{"start":{"line":88,"column":12},"end":{"line":88,"column":31}},{"start":{"line":88,"column":35},"end":{"line":88,"column":54}},{"start":{"line":88,"column":58},"end":{"line":88,"column":67}}],"line":88},"11":{"loc":{"start":{"line":95,"column":8},"end":{"line":95,"column":31}},"type":"if","locations":[{"start":{"line":95,"column":8},"end":{"line":95,"column":31}},{"start":{},"end":{}}],"line":95},"12":{"loc":{"start":{"line":102,"column":8},"end":{"line":102,"column":31}},"type":"if","locations":[{"start":{"line":102,"column":8},"end":{"line":102,"column":31}},{"start":{},"end":{}}],"line":102},"13":{"loc":{"start":{"line":115,"column":10},"end":{"line":137,"column":11}},"type":"if","locations":[{"start":{"line":115,"column":10},"end":{"line":137,"column":11}},{"start":{},"end":{}}],"line":115},"14":{"loc":{"start":{"line":115,"column":14},"end":{"line":115,"column":70}},"type":"binary-expr","locations":[{"start":{"line":115,"column":14},"end":{"line":115,"column":20}},{"start":{"line":115,"column":24},"end":{"line":115,"column":50}},{"start":{"line":115,"column":54},"end":{"line":115,"column":70}}],"line":115},"15":{"loc":{"start":{"line":116,"column":12},"end":{"line":119,"column":13}},"type":"if","locations":[{"start":{"line":116,"column":12},"end":{"line":119,"column":13}},{"start":{},"end":{}}],"line":116},"16":{"loc":{"start":{"line":120,"column":12},"end":{"line":123,"column":13}},"type":"if","locations":[{"start":{"line":120,"column":12},"end":{"line":123,"column":13}},{"start":{},"end":{}}],"line":120},"17":{"loc":{"start":{"line":124,"column":12},"end":{"line":136,"column":13}},"type":"if","locations":[{"start":{"line":124,"column":12},"end":{"line":136,"column":13}},{"start":{},"end":{}}],"line":124},"18":{"loc":{"start":{"line":127,"column":20},"end":{"line":127,"column":55}},"type":"binary-expr","locations":[{"start":{"line":127,"column":20},"end":{"line":127,"column":30}},{"start":{"line":127,"column":34},"end":{"line":127,"column":55}}],"line":127},"19":{"loc":{"start":{"line":130,"column":27},"end":{"line":130,"column":72}},"type":"binary-expr","locations":[{"start":{"line":130,"column":27},"end":{"line":130,"column":44}},{"start":{"line":130,"column":48},"end":{"line":130,"column":72}}],"line":130},"20":{"loc":{"start":{"line":131,"column":28},"end":{"line":131,"column":59}},"type":"binary-expr","locations":[{"start":{"line":131,"column":28},"end":{"line":131,"column":46}},{"start":{"line":131,"column":50},"end":{"line":131,"column":59}}],"line":131},"21":{"loc":{"start":{"line":140,"column":10},"end":{"line":142,"column":11}},"type":"if","locations":[{"start":{"line":140,"column":10},"end":{"line":142,"column":11}},{"start":{},"end":{}}],"line":140},"22":{"loc":{"start":{"line":166,"column":6},"end":{"line":168,"column":7}},"type":"if","locations":[{"start":{"line":166,"column":6},"end":{"line":168,"column":7}},{"start":{},"end":{}}],"line":166},"23":{"loc":{"start":{"line":169,"column":6},"end":{"line":175,"column":7}},"type":"if","locations":[{"start":{"line":169,"column":6},"end":{"line":175,"column":7}},{"start":{},"end":{}}],"line":169},"24":{"loc":{"start":{"line":171,"column":8},"end":{"line":173,"column":9}},"type":"if","locations":[{"start":{"line":171,"column":8},"end":{"line":173,"column":9}},{"start":{},"end":{}}],"line":171}},"s":{"0":1,"1":6,"2":6,"3":6,"4":1,"5":1,"6":0,"7":6,"8":0,"9":0,"10":0,"11":0,"12":0,"13":0,"14":6,"15":4,"16":4,"17":4,"18":0,"19":4,"20":4,"21":4,"22":4,"23":4,"24":4,"25":4,"26":4,"27":1,"28":0,"29":1,"30":1,"31":1,"32":4,"33":1,"34":0,"35":1,"36":1,"37":1,"38":1,"39":0,"40":0,"41":4,"42":1,"43":0,"44":1,"45":1,"46":1,"47":4,"48":0,"49":0,"50":0,"51":0,"52":0,"53":0,"54":0,"55":0,"56":0,"57":0,"58":0,"59":0,"60":0,"61":0,"62":0,"63":0,"64":0,"65":0,"66":0,"67":0,"68":0,"69":0,"70":0,"71":0,"72":0,"73":0,"74":0,"75":4,"76":4,"77":4,"78":4,"79":4,"80":0,"81":4,"82":4,"83":4,"84":4,"85":4,"86":6},"f":{"0":6,"1":1,"2":0,"3":4,"4":4,"5":1,"6":1,"7":1,"8":0,"9":4},"b":{"0":[1,0],"1":[1,1],"2":[0,0],"3":[0,0],"4":[0,4],"5":[4,0,0],"6":[0,4],"7":[0,1],"8":[0,1],"9":[0,1],"10":[1,0,0],"11":[0,1],"12":[0,0],"13":[0,0],"14":[0,0,0],"15":[0,0],"16":[0,0],"17":[0,0],"18":[0,0],"19":[0,0],"20":[0,0],"21":[0,0],"22":[0,4],"23":[4,0],"24":[4,0]},"_coverageSchema":"1a1c01bbd47fc00a2c39e90264f33305004495a9","hash":"8c3ce25b068be45766801f29970424621f19a704"}
,"/app/src/services/api.ts": {"path":"/app/src/services/api.ts","statementMap":{"0":{"start":{"line":23,"column":4},"end":{"line":23,"column":76}},"1":{"start":{"line":25,"column":4},"end":{"line":31,"column":7}},"2":{"start":{"line":34,"column":4},"end":{"line":43,"column":6}},"3":{"start":{"line":36,"column":8},"end":{"line":36,"column":82}},"4":{"start":{"line":37,"column":8},"end":{"line":37,"column":22}},"5":{"start":{"line":40,"column":8},"end":{"line":40,"column":51}},"6":{"start":{"line":41,"column":8},"end":{"line":41,"column":37}},"7":{"start":{"line":46,"column":4},"end":{"line":52,"column":6}},"8":{"start":{"line":47,"column":20},"end":{"line":47,"column":28}},"9":{"start":{"line":49,"column":8},"end":{"line":49,"column":84}},"10":{"start":{"line":50,"column":8},"end":{"line":50,"column":37}},"11":{"start":{"line":57,"column":49},"end":{"line":57,"column":81}},"12":{"start":{"line":58,"column":4},"end":{"line":58,"column":25}},"13":{"start":{"line":63,"column":50},"end":{"line":63,"column":98}},"14":{"start":{"line":64,"column":4},"end":{"line":64,"column":25}},"15":{"start":{"line":68,"column":49},"end":{"line":70,"column":5}},"16":{"start":{"line":71,"column":4},"end":{"line":71,"column":68}},"17":{"start":{"line":76,"column":21},"end":{"line":76,"column":35}},"18":{"start":{"line":77,"column":4},"end":{"line":77,"column":34}},"19":{"start":{"line":78,"column":4},"end":{"line":78,"column":45}},"20":{"start":{"line":80,"column":56},"end":{"line":88,"column":5}},"21":{"start":{"line":89,"column":4},"end":{"line":89,"column":25}},"22":{"start":{"line":93,"column":59},"end":{"line":95,"column":5}},"23":{"start":{"line":96,"column":4},"end":{"line":96,"column":31}},"24":{"start":{"line":100,"column":4},"end":{"line":100,"column":56}},"25":{"start":{"line":104,"column":54},"end":{"line":106,"column":5}},"26":{"start":{"line":107,"column":4},"end":{"line":107,"column":36}},"27":{"start":{"line":112,"column":23},"end":{"line":112,"column":70}},"28":{"start":{"line":113,"column":18},"end":{"line":113,"column":61}},"29":{"start":{"line":114,"column":4},"end":{"line":114,"column":37}},"30":{"start":{"line":119,"column":26},"end":{"line":119,"column":42}}},"fnMap":{"0":{"name":"(anonymous_0)","decl":{"start":{"line":22,"column":2},"end":{"line":22,"column":3}},"loc":{"start":{"line":22,"column":16},"end":{"line":53,"column":3}},"line":22},"1":{"name":"(anonymous_1)","decl":{"start":{"line":35,"column":6},"end":{"line":35,"column":7}},"loc":{"start":{"line":35,"column":18},"end":{"line":38,"column":7}},"line":35},"2":{"name":"(anonymous_2)","decl":{"start":{"line":39,"column":6},"end":{"line":39,"column":7}},"loc":{"start":{"line":39,"column":17},"end":{"line":42,"column":7}},"line":39},"3":{"name":"(anonymous_3)","decl":{"start":{"line":47,"column":6},"end":{"line":47,"column":7}},"loc":{"start":{"line":47,"column":20},"end":{"line":47,"column":28}},"line":47},"4":{"name":"(anonymous_4)","decl":{"start":{"line":48,"column":6},"end":{"line":48,"column":7}},"loc":{"start":{"line":48,"column":17},"end":{"line":51,"column":7}},"line":48},"5":{"name":"(anonymous_5)","decl":{"start":{"line":56,"column":2},"end":{"line":56,"column":3}},"loc":{"start":{"line":56,"column":44},"end":{"line":59,"column":3}},"line":56},"6":{"name":"(anonymous_6)","decl":{"start":{"line":62,"column":2},"end":{"line":62,"column":3}},"loc":{"start":{"line":62,"column":65},"end":{"line":65,"column":3}},"line":62},"7":{"name":"(anonymous_7)","decl":{"start":{"line":67,"column":2},"end":{"line":67,"column":3}},"loc":{"start":{"line":67,"column":84},"end":{"line":72,"column":3}},"line":67},"8":{"name":"(anonymous_8)","decl":{"start":{"line":75,"column":2},"end":{"line":75,"column":3}},"loc":{"start":{"line":75,"column":79},"end":{"line":90,"column":3}},"line":75},"9":{"name":"(anonymous_9)","decl":{"start":{"line":92,"column":2},"end":{"line":92,"column":3}},"loc":{"start":{"line":92,"column":55},"end":{"line":97,"column":3}},"line":92},"10":{"name":"(anonymous_10)","decl":{"start":{"line":99,"column":2},"end":{"line":99,"column":3}},"loc":{"start":{"line":99,"column":50},"end":{"line":101,"column":3}},"line":99},"11":{"name":"(anonymous_11)","decl":{"start":{"line":103,"column":2},"end":{"line":103,"column":3}},"loc":{"start":{"line":103,"column":64},"end":{"line":108,"column":3}},"line":103},"12":{"name":"(anonymous_12)","decl":{"start":{"line":111,"column":2},"end":{"line":111,"column":3}},"loc":{"start":{"line":111,"column":28},"end":{"line":115,"column":3}},"line":111}},"branchMap":{"0":{"loc":{"start":{"line":23,"column":19},"end":{"line":23,"column":75}},"type":"binary-expr","locations":[{"start":{"line":23,"column":19},"end":{"line":23,"column":48}},{"start":{"line":23,"column":52},"end":{"line":23,"column":75}}],"line":23},"1":{"loc":{"start":{"line":49,"column":45},"end":{"line":49,"column":82}},"type":"binary-expr","locations":[{"start":{"line":49,"column":45},"end":{"line":49,"column":65}},{"start":{"line":49,"column":69},"end":{"line":49,"column":82}}],"line":49},"2":{"loc":{"start":{"line":67,"column":42},"end":{"line":67,"column":60}},"type":"default-arg","locations":[{"start":{"line":67,"column":58},"end":{"line":67,"column":60}}],"line":67},"3":{"loc":{"start":{"line":71,"column":11},"end":{"line":71,"column":67}},"type":"binary-expr","locations":[{"start":{"line":71,"column":11},"end":{"line":71,"column":24}},{"start":{"line":71,"column":28},"end":{"line":71,"column":67}}],"line":71},"4":{"loc":{"start":{"line":107,"column":11},"end":{"line":107,"column":35}},"type":"binary-expr","locations":[{"start":{"line":107,"column":11},"end":{"line":107,"column":29}},{"start":{"line":107,"column":33},"end":{"line":107,"column":35}}],"line":107},"5":{"loc":{"start":{"line":112,"column":23},"end":{"line":112,"column":70}},"type":"cond-expr","locations":[{"start":{"line":112,"column":58},"end":{"line":112,"column":63}},{"start":{"line":112,"column":66},"end":{"line":112,"column":70}}],"line":112}},"s":{"0":0,"1":0,"2":0,"3":0,"4":0,"5":0,"6":0,"7":0,"8":0,"9":0,"10":0,"11":0,"12":0,"13":0,"14":0,"15":0,"16":0,"17":0,"18":0,"19":0,"20":0,"21":0,"22":0,"23":0,"24":0,"25":0,"26":0,"27":0,"28":0,"29":0,"30":0},"f":{"0":0,"1":0,"2":0,"3":0,"4":0,"5":0,"6":0,"7":0,"8":0,"9":0,"10":0,"11":0,"12":0},"b":{"0":[0,0],"1":[0,0],"2":[0],"3":[0,0],"4":[0,0],"5":[0,0]}}
,"/app/src/types/api.ts": {"path":"/app/src/types/api.ts","statementMap":{},"fnMap":{},"branchMap":{},"s":{},"f":{},"b":{}}
,"/app/src/utils/uuid.ts": {"path":"/app/src/utils/uuid.ts","statementMap":{"0":{"start":{"line":6,"column":28},"end":{"line":17,"column":1}},"1":{"start":{"line":7,"column":2},"end":{"line":9,"column":3}},"2":{"start":{"line":8,"column":4},"end":{"line":8,"column":31}},"3":{"start":{"line":12,"column":2},"end":{"line":16,"column":5}},"4":{"start":{"line":13,"column":14},"end":{"line":13,"column":36}},"5":{"start":{"line":14,"column":14},"end":{"line":14,"column":45}},"6":{"start":{"line":15,"column":4},"end":{"line":15,"column":26}}},"fnMap":{"0":{"name":"(anonymous_0)","decl":{"start":{"line":6,"column":28},"end":{"line":6,"column":29}},"loc":{"start":{"line":6,"column":42},"end":{"line":17,"column":1}},"line":6},"1":{"name":"(anonymous_1)","decl":{"start":{"line":12,"column":65},"end":{"line":12,"column":66}},"loc":{"start":{"line":12,"column":77},"end":{"line":16,"column":3}},"line":12}},"branchMap":{"0":{"loc":{"start":{"line":7,"column":2},"end":{"line":9,"column":3}},"type":"if","locations":[{"start":{"line":7,"column":2},"end":{"line":9,"column":3}},{"start":{},"end":{}}],"line":7},"1":{"loc":{"start":{"line":7,"column":6},"end":{"line":7,"column":56}},"type":"binary-expr","locations":[{"start":{"line":7,"column":6},"end":{"line":7,"column":35}},{"start":{"line":7,"column":39},"end":{"line":7,"column":56}}],"line":7},"2":{"loc":{"start":{"line":14,"column":14},"end":{"line":14,"column":45}},"type":"cond-expr","locations":[{"start":{"line":14,"column":26},"end":{"line":14,"column":27}},{"start":{"line":14,"column":31},"end":{"line":14,"column":44}}],"line":14}},"s":{"0":0,"1":0,"2":0,"3":0,"4":0,"5":0,"6":0},"f":{"0":0,"1":0},"b":{"0":[0,0],"1":[0,0],"2":[0,0]}}
}
