TN:
SF:src/App.tsx
FN:10,(anonymous_0)
FNF:1
FNH:0
FNDA:0,(anonymous_0)
DA:10,0
DA:11,0
LF:2
LH:0
BRF:0
BRH:0
end_of_record
TN:
SF:src/components/FileUpload/FileUpload.tsx
FN:21,(anonymous_0)
FN:31,(anonymous_1)
FN:37,(anonymous_2)
FN:48,(anonymous_3)
FN:51,(anonymous_4)
FN:51,(anonymous_5)
FN:71,(anonymous_6)
FN:116,(anonymous_7)
FN:135,(anonymous_8)
FNF:9
FNH:0
FNDA:0,(anonymous_0)
FNDA:0,(anonymous_1)
FNDA:0,(anonymous_2)
FNDA:0,(anonymous_3)
FNDA:0,(anonymous_4)
FNDA:0,(anonymous_5)
FNDA:0,(anonymous_6)
FNDA:0,(anonymous_7)
FNDA:0,(anonymous_8)
DA:21,0
DA:28,0
DA:29,0
DA:31,0
DA:32,0
DA:33,0
DA:34,0
DA:35,0
DA:36,0
DA:37,0
DA:38,0
DA:40,0
DA:41,0
DA:43,0
DA:48,0
DA:49,0
DA:50,0
DA:51,0
DA:53,0
DA:54,0
DA:58,0
DA:71,0
DA:72,0
DA:73,0
DA:74,0
DA:75,0
DA:76,0
DA:79,0
DA:90,0
DA:117,0
DA:135,0
LF:31
LH:0
BRDA:25,0,0,0
BRDA:26,1,0,0
BRDA:41,2,0,0
BRDA:41,2,1,0
BRDA:54,3,0,0
BRDA:54,3,1,0
BRDA:72,4,0,0
BRDA:72,4,1,0
BRDA:81,5,0,0
BRDA:81,5,1,0
BRDA:81,6,0,0
BRDA:81,6,1,0
BRDA:83,7,0,0
BRDA:83,7,1,0
BRDA:87,8,0,0
BRDA:87,8,1,0
BRDA:95,9,0,0
BRDA:95,9,1,0
BRDA:96,10,0,0
BRDA:96,10,1,0
BRDA:113,11,0,0
BRDA:113,11,1,0
BRDA:128,12,0,0
BRDA:128,12,1,0
BRDA:145,13,0,0
BRDA:145,13,1,0
BRF:26
BRH:0
end_of_record
TN:
SF:src/components/MessageList/MessageItem.tsx
FN:17,(anonymous_0)
FN:26,(anonymous_1)
FN:30,(anonymous_2)
FN:37,(anonymous_3)
FN:89,(anonymous_4)
FN:90,(anonymous_5)
FN:91,(anonymous_6)
FN:92,(anonymous_7)
FN:93,(anonymous_8)
FN:98,(anonymous_9)
FN:103,(anonymous_10)
FN:104,(anonymous_11)
FN:105,(anonymous_12)
FNF:13
FNH:3
FNDA:15,(anonymous_0)
FNDA:3,(anonymous_1)
FNDA:0,(anonymous_2)
FNDA:12,(anonymous_3)
FNDA:0,(anonymous_4)
FNDA:0,(anonymous_5)
FNDA:0,(anonymous_6)
FNDA:0,(anonymous_7)
FNDA:0,(anonymous_8)
FNDA:0,(anonymous_9)
FNDA:0,(anonymous_10)
FNDA:0,(anonymous_11)
FNDA:0,(anonymous_12)
DA:17,2
DA:18,15
DA:20,15
DA:21,15
DA:26,15
DA:27,3
DA:28,3
DA:29,3
DA:30,3
DA:32,0
DA:37,15
DA:38,12
DA:39,6
DA:40,6
DA:41,3
DA:42,3
DA:43,3
DA:45,3
DA:48,15
DA:89,0
DA:90,0
DA:91,0
DA:92,0
DA:94,0
DA:99,0
DA:103,0
DA:104,0
DA:105,0
LF:28
LH:18
BRDA:17,0,0,15
BRDA:38,1,0,6
BRDA:38,1,1,6
BRDA:40,2,0,3
BRDA:40,2,1,3
BRDA:49,3,0,8
BRDA:49,3,1,7
BRDA:50,4,0,8
BRDA:50,4,1,7
BRDA:53,5,0,8
BRDA:53,5,1,7
BRDA:55,6,0,8
BRDA:55,6,1,7
BRDA:64,7,0,8
BRDA:64,7,1,7
BRDA:70,8,0,8
BRDA:70,8,1,7
BRDA:71,9,0,8
BRDA:71,9,1,7
BRDA:75,10,0,7
BRDA:75,10,1,4
BRDA:116,11,0,8
BRDA:116,11,1,7
BRDA:127,12,0,8
BRDA:127,12,1,7
BRDA:132,13,0,3
BRDA:132,13,1,12
BRDA:141,14,0,15
BRDA:141,14,1,3
BRDA:141,14,2,3
BRDA:143,15,0,0
BRDA:143,15,1,3
BRF:32
BRH:31
end_of_record
TN:
SF:src/components/MessageList/MessageList.tsx
FN:18,(anonymous_0)
FN:28,(anonymous_1)
FN:38,(anonymous_2)
FN:59,(anonymous_3)
FN:87,(anonymous_4)
FN:109,(anonymous_5)
FNF:6
FNH:0
FNDA:0,(anonymous_0)
FNDA:0,(anonymous_1)
FNDA:0,(anonymous_2)
FNDA:0,(anonymous_3)
FNDA:0,(anonymous_4)
FNDA:0,(anonymous_5)
DA:18,0
DA:24,0
DA:25,0
DA:28,0
DA:29,0
DA:30,0
DA:38,0
DA:39,0
DA:59,0
DA:60,0
DA:87,0
DA:88,0
DA:96,0
DA:110,0
LF:14
LH:0
BRDA:20,0,0,0
BRDA:22,1,0,0
BRDA:29,2,0,0
BRDA:29,2,1,0
BRDA:103,3,0,0
BRDA:103,3,1,0
BRDA:105,4,0,0
BRDA:105,4,1,0
BRDA:105,5,0,0
BRDA:105,5,1,0
BRDA:116,6,0,0
BRDA:116,6,1,0
BRF:12
BRH:0
end_of_record
TN:
SF:src/components/chat/Chat.tsx
FN:21,(anonymous_0)
FN:23,(anonymous_1)
FN:35,(anonymous_2)
FN:40,(anonymous_3)
FN:51,(anonymous_4)
FN:61,(anonymous_5)
FN:62,(anonymous_6)
FN:64,(anonymous_7)
FN:72,(anonymous_8)
FN:85,(anonymous_9)
FN:101,(anonymous_10)
FN:111,(anonymous_11)
FN:122,(anonymous_12)
FN:132,(anonymous_13)
FN:133,(anonymous_14)
FN:137,(anonymous_15)
FN:141,(anonymous_16)
FN:142,(anonymous_17)
FN:145,(anonymous_18)
FN:189,(anonymous_19)
FN:189,(anonymous_20)
FN:198,(anonymous_21)
FNF:22
FNH:0
FNDA:0,(anonymous_0)
FNDA:0,(anonymous_1)
FNDA:0,(anonymous_2)
FNDA:0,(anonymous_3)
FNDA:0,(anonymous_4)
FNDA:0,(anonymous_5)
FNDA:0,(anonymous_6)
FNDA:0,(anonymous_7)
FNDA:0,(anonymous_8)
FNDA:0,(anonymous_9)
FNDA:0,(anonymous_10)
FNDA:0,(anonymous_11)
FNDA:0,(anonymous_12)
FNDA:0,(anonymous_13)
FNDA:0,(anonymous_14)
FNDA:0,(anonymous_15)
FNDA:0,(anonymous_16)
FNDA:0,(anonymous_17)
FNDA:0,(anonymous_18)
FNDA:0,(anonymous_19)
FNDA:0,(anonymous_20)
FNDA:0,(anonymous_21)
DA:21,0
DA:23,0
DA:24,0
DA:25,0
DA:26,0
DA:27,0
DA:28,0
DA:29,0
DA:30,0
DA:35,0
DA:36,0
DA:37,0
DA:40,0
DA:41,0
DA:42,0
DA:43,0
DA:44,0
DA:46,0
DA:47,0
DA:51,0
DA:52,0
DA:53,0
DA:54,0
DA:56,0
DA:61,0
DA:62,0
DA:64,0
DA:65,0
DA:67,0
DA:69,0
DA:72,0
DA:73,0
DA:74,0
DA:78,0
DA:85,0
DA:86,0
DA:88,0
DA:89,0
DA:92,0
DA:101,0
DA:103,0
DA:105,0
DA:106,0
DA:111,0
DA:112,0
DA:113,0
DA:115,0
DA:118,0
DA:122,0
DA:123,0
DA:126,0
DA:127,0
DA:128,0
DA:132,0
DA:133,0
DA:134,0
DA:137,0
DA:138,0
DA:141,0
DA:142,0
DA:145,0
DA:146,0
DA:149,0
DA:189,0
LF:64
LH:0
BRDA:21,0,0,0
BRDA:64,1,0,0
BRDA:64,1,1,0
BRDA:86,2,0,0
BRDA:86,2,1,0
BRDA:86,3,0,0
BRDA:86,3,1,0
BRDA:105,4,0,0
BRDA:105,4,1,0
BRDA:113,5,0,0
BRDA:113,5,1,0
BRDA:127,6,0,0
BRDA:127,6,1,0
BRDA:162,7,0,0
BRDA:162,7,1,0
BRDA:178,8,0,0
BRDA:178,8,1,0
BRDA:188,9,0,0
BRDA:188,9,1,0
BRDA:192,10,0,0
BRDA:192,10,1,0
BRDA:208,11,0,0
BRDA:208,11,1,0
BRDA:225,12,0,0
BRDA:225,12,1,0
BRF:25
BRH:0
end_of_record
TN:
SF:src/components/chat/ChatInput.tsx
FN:18,(anonymous_0)
FN:28,(anonymous_1)
FN:40,(anonymous_2)
FN:47,(anonymous_3)
FNF:4
FNH:0
FNDA:0,(anonymous_0)
FNDA:0,(anonymous_1)
FNDA:0,(anonymous_2)
FNDA:0,(anonymous_3)
DA:18,0
DA:25,0
DA:26,0
DA:28,0
DA:29,0
DA:30,0
DA:31,0
DA:32,0
DA:34,0
DA:35,0
DA:40,0
DA:41,0
DA:42,0
DA:43,0
DA:47,0
DA:48,0
DA:49,0
DA:52,0
DA:53,0
DA:54,0
DA:56,0
DA:57,0
DA:61,0
DA:63,0
LF:24
LH:0
BRDA:21,0,0,0
BRDA:22,1,0,0
BRDA:23,2,0,0
BRDA:30,3,0,0
BRDA:30,3,1,0
BRDA:30,4,0,0
BRDA:30,4,1,0
BRDA:30,4,2,0
BRDA:34,5,0,0
BRDA:34,5,1,0
BRDA:41,6,0,0
BRDA:41,6,1,0
BRDA:41,7,0,0
BRDA:41,7,1,0
BRDA:52,8,0,0
BRDA:52,8,1,0
BRDA:61,9,0,0
BRDA:61,9,1,0
BRDA:61,9,2,0
BRDA:67,10,0,0
BRDA:67,10,1,0
BRDA:72,11,0,0
BRDA:72,11,1,0
BRDA:88,12,0,0
BRDA:88,12,1,0
BRDA:101,13,0,0
BRDA:101,13,1,0
BRDA:118,14,0,0
BRDA:118,14,1,0
BRDA:129,15,0,0
BRDA:129,15,1,0
BRF:31
BRH:0
end_of_record
TN:
SF:src/components/ui/Button.tsx
FN:18,(anonymous_0)
FNF:1
FNH:1
FNDA:26,(anonymous_0)
DA:18,3
DA:27,26
DA:29,26
DA:37,26
DA:43,26
DA:45,26
LF:6
LH:6
BRDA:19,0,0,8
BRDA:20,1,0,9
BRDA:21,2,0,25
BRDA:24,3,0,10
BRDA:48,4,0,26
BRDA:48,4,1,24
BRDA:51,5,0,1
BRDA:51,5,1,25
BRF:8
BRH:8
end_of_record
TN:
SF:src/components/ui/Input.tsx
FN:14,(anonymous_0)
FNF:1
FNH:0
FNDA:0,(anonymous_0)
DA:14,0
DA:21,0
DA:32,0
LF:3
LH:0
BRDA:18,0,0,0
BRDA:25,1,0,0
BRDA:25,1,1,0
BRDA:34,2,0,0
BRDA:34,2,1,0
BRDA:40,3,0,0
BRDA:40,3,1,0
BRDA:43,4,0,0
BRDA:43,4,1,0
BRDA:43,4,2,0
BRF:10
BRH:0
end_of_record
TN:
SF:src/hooks/useWebSocket.ts
FN:24,(anonymous_0)
FN:34,(anonymous_1)
FN:44,(anonymous_2)
FN:56,(anonymous_3)
FN:60,(anonymous_4)
FN:74,(anonymous_5)
FN:81,(anonymous_6)
FN:94,(anonymous_7)
FN:101,(anonymous_8)
FN:163,(anonymous_9)
FNF:10
FNH:8
FNDA:6,(anonymous_0)
FNDA:1,(anonymous_1)
FNDA:0,(anonymous_2)
FNDA:4,(anonymous_3)
FNDA:4,(anonymous_4)
FNDA:1,(anonymous_5)
FNDA:1,(anonymous_6)
FNDA:1,(anonymous_7)
FNDA:0,(anonymous_8)
FNDA:4,(anonymous_9)
DA:24,1
DA:30,6
DA:31,6
DA:33,6
DA:35,1
DA:36,1
DA:38,0
DA:44,6
DA:45,0
DA:47,0
DA:48,0
DA:49,0
DA:51,0
DA:52,0
DA:56,6
DA:57,4
DA:60,4
DA:61,4
DA:63,4
DA:64,4
DA:65,4
DA:66,4
DA:68,4
DA:70,4
DA:71,4
DA:74,4
DA:75,1
DA:76,1
DA:77,1
DA:78,1
DA:81,4
DA:82,1
DA:83,1
DA:84,1
DA:85,1
DA:88,1
DA:89,0
DA:90,0
DA:94,4
DA:95,1
DA:96,1
DA:97,1
DA:98,1
DA:101,4
DA:102,0
DA:103,0
DA:104,0
DA:105,0
DA:108,0
DA:109,0
DA:110,0
DA:112,0
DA:115,0
DA:116,0
DA:117,0
DA:118,0
DA:120,0
DA:121,0
DA:122,0
DA:124,0
DA:125,0
DA:126,0
DA:134,0
DA:135,0
DA:140,0
DA:141,0
DA:144,0
DA:151,0
DA:153,0
DA:154,0
DA:160,4
DA:163,4
DA:164,4
DA:165,4
DA:166,4
DA:167,0
DA:169,4
DA:170,4
DA:171,4
DA:172,4
DA:174,4
DA:179,6
LF:82
LH:46
BRDA:35,0,0,1
BRDA:35,0,1,0
BRDA:35,1,0,1
BRDA:35,1,1,1
BRDA:45,2,0,0
BRDA:45,2,1,0
BRDA:48,3,0,0
BRDA:48,3,1,0
BRDA:61,4,0,0
BRDA:61,4,1,4
BRDA:63,5,0,4
BRDA:63,5,1,0
BRDA:63,5,2,0
BRDA:64,6,0,0
BRDA:64,6,1,4
BRDA:75,7,0,0
BRDA:75,7,1,1
BRDA:82,8,0,0
BRDA:82,8,1,1
BRDA:88,9,0,0
BRDA:88,9,1,1
BRDA:88,10,0,1
BRDA:88,10,1,0
BRDA:88,10,2,0
BRDA:95,11,0,0
BRDA:95,11,1,1
BRDA:102,12,0,0
BRDA:102,12,1,0
BRDA:115,13,0,0
BRDA:115,13,1,0
BRDA:115,14,0,0
BRDA:115,14,1,0
BRDA:115,14,2,0
BRDA:116,15,0,0
BRDA:116,15,1,0
BRDA:120,16,0,0
BRDA:120,16,1,0
BRDA:124,17,0,0
BRDA:124,17,1,0
BRDA:127,18,0,0
BRDA:127,18,1,0
BRDA:130,19,0,0
BRDA:130,19,1,0
BRDA:131,20,0,0
BRDA:131,20,1,0
BRDA:140,21,0,0
BRDA:140,21,1,0
BRDA:166,22,0,0
BRDA:166,22,1,4
BRDA:169,23,0,4
BRDA:169,23,1,0
BRDA:171,24,0,4
BRDA:171,24,1,0
BRF:53
BRH:14
end_of_record
TN:
SF:src/services/api.ts
FN:22,(anonymous_0)
FN:35,(anonymous_1)
FN:39,(anonymous_2)
FN:47,(anonymous_3)
FN:48,(anonymous_4)
FN:56,(anonymous_5)
FN:62,(anonymous_6)
FN:67,(anonymous_7)
FN:75,(anonymous_8)
FN:92,(anonymous_9)
FN:99,(anonymous_10)
FN:103,(anonymous_11)
FN:111,(anonymous_12)
FNF:13
FNH:0
FNDA:0,(anonymous_0)
FNDA:0,(anonymous_1)
FNDA:0,(anonymous_2)
FNDA:0,(anonymous_3)
FNDA:0,(anonymous_4)
FNDA:0,(anonymous_5)
FNDA:0,(anonymous_6)
FNDA:0,(anonymous_7)
FNDA:0,(anonymous_8)
FNDA:0,(anonymous_9)
FNDA:0,(anonymous_10)
FNDA:0,(anonymous_11)
FNDA:0,(anonymous_12)
DA:23,0
DA:25,0
DA:34,0
DA:36,0
DA:37,0
DA:40,0
DA:41,0
DA:46,0
DA:47,0
DA:49,0
DA:50,0
DA:57,0
DA:58,0
DA:63,0
DA:64,0
DA:68,0
DA:71,0
DA:76,0
DA:77,0
DA:78,0
DA:80,0
DA:89,0
DA:93,0
DA:96,0
DA:100,0
DA:104,0
DA:107,0
DA:112,0
DA:113,0
DA:114,0
DA:119,0
LF:31
LH:0
BRDA:23,0,0,0
BRDA:23,0,1,0
BRDA:49,1,0,0
BRDA:49,1,1,0
BRDA:67,2,0,0
BRDA:71,3,0,0
BRDA:71,3,1,0
BRDA:107,4,0,0
BRDA:107,4,1,0
BRDA:112,5,0,0
BRDA:112,5,1,0
BRF:11
BRH:0
end_of_record
TN:
SF:src/types/api.ts
FNF:0
FNH:0
LF:0
LH:0
BRF:0
BRH:0
end_of_record
TN:
SF:src/utils/uuid.ts
FN:6,(anonymous_0)
FN:12,(anonymous_1)
FNF:2
FNH:0
FNDA:0,(anonymous_0)
FNDA:0,(anonymous_1)
DA:6,0
DA:7,0
DA:8,0
DA:12,0
DA:13,0
DA:14,0
DA:15,0
LF:7
LH:0
BRDA:7,0,0,0
BRDA:7,0,1,0
BRDA:7,1,0,0
BRDA:7,1,1,0
BRDA:14,2,0,0
BRDA:14,2,1,0
BRF:6
BRH:0
end_of_record
